<?xml version="1.0" encoding="UTF-8"?>
<coverage generated="1675873756099" clover="3.2.0">
  <project timestamp="1675873756099" name="All files">
    <metrics statements="38" coveredstatements="37" conditionals="13" coveredconditionals="12" methods="9" coveredmethods="8" elements="60" coveredelements="57" complexity="0" loc="38" ncloc="38" packages="1" files="2" classes="2"/>
    <file name="ScoringLogic.js" path="/Users/richard/codeclan_work/Farkle App/Farkle/client/screens/Game/Scoring/ScoringLogic.js">
      <metrics statements="11" coveredstatements="10" conditionals="7" coveredconditionals="6" methods="2" coveredmethods="1"/>
      <line num="21" count="1" type="stmt"/>
      <line num="22" count="4" type="stmt"/>
      <line num="23" count="4" type="stmt"/>
      <line num="24" count="4" type="cond" truecount="2" falsecount="0"/>
      <line num="25" count="1" type="stmt"/>
      <line num="26" count="3" type="cond" truecount="1" falsecount="1"/>
      <line num="31" count="3" type="stmt"/>
      <line num="34" count="4" type="stmt"/>
      <line num="37" count="1" type="stmt"/>
      <line num="38" count="0" type="stmt"/>
      <line num="41" count="1" type="stmt"/>
    </file>
    <file name="ScoringLogicChecks.js" path="/Users/richard/codeclan_work/Farkle App/Farkle/client/screens/Game/Scoring/ScoringLogicChecks.js">
      <metrics statements="27" coveredstatements="27" conditionals="6" coveredconditionals="6" methods="7" coveredmethods="7"/>
      <line num="1" count="2" type="stmt"/>
      <line num="2" count="1" type="stmt"/>
      <line num="3" count="1" type="stmt"/>
      <line num="4" count="6" type="cond" truecount="2" falsecount="0"/>
      <line num="5" count="1" type="stmt"/>
      <line num="8" count="1" type="stmt"/>
      <line num="11" count="2" type="stmt"/>
      <line num="12" count="1" type="stmt"/>
      <line num="13" count="1" type="stmt"/>
      <line num="14" count="6" type="cond" truecount="2" falsecount="0"/>
      <line num="15" count="1" type="stmt"/>
      <line num="18" count="1" type="stmt"/>
      <line num="21" count="2" type="stmt"/>
      <line num="22" count="23" type="stmt"/>
      <line num="23" count="23" type="stmt"/>
      <line num="24" count="138" type="cond" truecount="2" falsecount="0"/>
      <line num="25" count="58" type="stmt"/>
      <line num="27" count="80" type="stmt"/>
      <line num="30" count="23" type="stmt"/>
      <line num="31" count="80" type="stmt"/>
      <line num="33" count="23" type="stmt"/>
      <line num="36" count="2" type="stmt"/>
      <line num="37" count="4" type="stmt"/>
      <line num="38" count="4" type="stmt"/>
      <line num="39" count="4" type="stmt"/>
      <line num="40" count="4" type="stmt"/>
      <line num="43" count="2" type="stmt"/>
    </file>
  </project>
</coverage>
