<?xml version="1.0" encoding="UTF-8"?>
<coverage generated="1676023330530" clover="3.2.0">
  <project timestamp="1676023330530" name="All files">
    <metrics statements="85" coveredstatements="77" conditionals="31" coveredconditionals="29" methods="23" coveredmethods="18" elements="139" coveredelements="124" complexity="0" loc="85" ncloc="85" packages="2" files="3" classes="3"/>
    <package name="GamingLogic">
      <metrics statements="21" coveredstatements="13" conditionals="2" coveredconditionals="0" methods="8" coveredmethods="3"/>
      <file name="GameLogic.js" path="/Users/sfbs/codeclan_work/projects/farkle/client/screens/Game/GamingLogic/GameLogic.js">
        <metrics statements="21" coveredstatements="13" conditionals="2" coveredconditionals="0" methods="8" coveredmethods="3"/>
        <line num="1" count="1" type="stmt"/>
        <line num="2" count="22" type="stmt"/>
        <line num="3" count="22" type="stmt"/>
        <line num="6" count="1" type="stmt"/>
        <line num="7" count="0" type="stmt"/>
        <line num="8" count="0" type="cond" truecount="0" falsecount="2"/>
        <line num="10" count="0" type="stmt"/>
        <line num="13" count="1" type="stmt"/>
        <line num="14" count="6" type="stmt"/>
        <line num="15" count="6" type="stmt"/>
        <line num="16" count="21" type="stmt"/>
        <line num="17" count="21" type="stmt"/>
        <line num="18" count="21" type="stmt"/>
        <line num="19" count="21" type="stmt"/>
        <line num="21" count="6" type="stmt"/>
        <line num="24" count="1" type="stmt"/>
        <line num="25" count="0" type="stmt"/>
        <line num="26" count="0" type="stmt"/>
        <line num="28" count="0" type="stmt"/>
        <line num="29" count="0" type="stmt"/>
        <line num="31" count="0" type="stmt"/>
      </file>
    </package>
    <package name="Scoring">
      <metrics statements="64" coveredstatements="64" conditionals="29" coveredconditionals="29" methods="15" coveredmethods="15"/>
      <file name="ScoringLogic.js" path="/Users/sfbs/codeclan_work/projects/farkle/client/screens/Game/Scoring/ScoringLogic.js">
        <metrics statements="35" coveredstatements="35" conditionals="19" coveredconditionals="19" methods="8" coveredmethods="8"/>
        <line num="8" count="1" type="stmt"/>
        <line num="9" count="22" type="stmt"/>
        <line num="10" count="22" type="stmt"/>
        <line num="11" count="22" type="cond" truecount="2" falsecount="0"/>
        <line num="12" count="1" type="stmt"/>
        <line num="13" count="21" type="cond" truecount="2" falsecount="0"/>
        <line num="14" count="1" type="stmt"/>
        <line num="15" count="20" type="cond" truecount="2" falsecount="0"/>
        <line num="16" count="1" type="stmt"/>
        <line num="17" count="19" type="cond" truecount="2" falsecount="0"/>
        <line num="22" count="3" type="stmt"/>
        <line num="23" count="16" type="cond" truecount="2" falsecount="0"/>
        <line num="24" count="2" type="stmt"/>
        <line num="25" count="14" type="cond" truecount="2" falsecount="0"/>
        <line num="26" count="6" type="stmt"/>
        <line num="30" count="8" type="stmt"/>
        <line num="32" count="22" type="stmt"/>
        <line num="35" count="1" type="stmt"/>
        <line num="36" count="8" type="stmt"/>
        <line num="39" count="1" type="stmt"/>
        <line num="40" count="1" type="stmt"/>
        <line num="43" count="1" type="stmt"/>
        <line num="44" count="9" type="stmt"/>
        <line num="45" count="28" type="stmt"/>
        <line num="47" count="9" type="stmt"/>
        <line num="49" count="28" type="stmt"/>
        <line num="50" count="9" type="stmt"/>
        <line num="51" count="9" type="stmt"/>
        <line num="52" count="19" type="stmt"/>
        <line num="54" count="9" type="stmt"/>
        <line num="55" count="19" type="cond" truecount="2" falsecount="0"/>
        <line num="59" count="18" type="cond" truecount="2" falsecount="0"/>
        <line num="63" count="9" type="stmt"/>
        <line num="64" count="9" type="stmt"/>
        <line num="67" count="1" type="stmt"/>
      </file>
      <file name="ScoringLogicChecks.js" path="/Users/sfbs/codeclan_work/projects/farkle/client/screens/Game/Scoring/ScoringLogicChecks.js">
        <metrics statements="29" coveredstatements="29" conditionals="10" coveredconditionals="10" methods="7" coveredmethods="7"/>
        <line num="1" count="2" type="stmt"/>
        <line num="2" count="9" type="stmt"/>
        <line num="3" count="9" type="stmt"/>
        <line num="4" count="49" type="cond" truecount="2" falsecount="0"/>
        <line num="5" count="8" type="stmt"/>
        <line num="8" count="9" type="stmt"/>
        <line num="11" count="2" type="stmt"/>
        <line num="12" count="9" type="stmt"/>
        <line num="13" count="9" type="stmt"/>
        <line num="14" count="49" type="cond" truecount="2" falsecount="0"/>
        <line num="15" count="7" type="stmt"/>
        <line num="18" count="9" type="stmt"/>
        <line num="21" count="2" type="stmt"/>
        <line num="22" count="228" type="stmt"/>
        <line num="23" count="228" type="stmt"/>
        <line num="24" count="1301" type="cond" truecount="2" falsecount="0"/>
        <line num="25" count="506" type="stmt"/>
        <line num="27" count="795" type="stmt"/>
        <line num="30" count="228" type="stmt"/>
        <line num="31" count="795" type="stmt"/>
        <line num="33" count="228" type="stmt"/>
        <line num="36" count="2" type="stmt"/>
        <line num="37" count="20" type="stmt"/>
        <line num="38" count="20" type="stmt"/>
        <line num="39" count="20" type="stmt"/>
        <line num="40" count="20" type="cond" truecount="4" falsecount="0"/>
        <line num="41" count="2" type="stmt"/>
        <line num="43" count="20" type="stmt"/>
        <line num="46" count="2" type="stmt"/>
      </file>
    </package>
  </project>
</coverage>
