{"/Users/richard/codeclan_work/Farkle App/Farkle/client/screens/Game/Scoring/ScoringLogic.js": {"path":"/Users/richard/codeclan_work/Farkle App/Farkle/client/screens/Game/Scoring/ScoringLogic.js","statementMap":{"0":{"start":{"line":21,"column":19},"end":{"line":34,"column":1}},"1":{"start":{"line":22,"column":23},"end":{"line":22,"column":33}},"2":{"start":{"line":23,"column":22},"end":{"line":23,"column":31}},"3":{"start":{"line":24,"column":2},"end":{"line":26,"column":3}},"4":{"start":{"line":25,"column":4},"end":{"line":25,"column":26}},"5":{"start":{"line":33,"column":2},"end":{"line":33,"column":56}},"6":{"start":{"line":36,"column":16},"end":{"line":38,"column":1}},"7":{"start":{"line":37,"column":2},"end":{"line":37,"column":69}},"8":{"start":{"line":40,"column":0},"end":{"line":40,"column":41}}},"fnMap":{"0":{"name":"(anonymous_0)","decl":{"start":{"line":21,"column":19},"end":{"line":21,"column":20}},"loc":{"start":{"line":21,"column":60},"end":{"line":34,"column":1}},"line":21},"1":{"name":"(anonymous_1)","decl":{"start":{"line":36,"column":16},"end":{"line":36,"column":17}},"loc":{"start":{"line":36,"column":56},"end":{"line":38,"column":1}},"line":36}},"branchMap":{"0":{"loc":{"start":{"line":24,"column":2},"end":{"line":26,"column":3}},"type":"if","locations":[{"start":{"line":24,"column":2},"end":{"line":26,"column":3}},{"start":{},"end":{}}],"line":24}},"s":{"0":1,"1":2,"2":2,"3":2,"4":1,"5":2,"6":1,"7":0,"8":1},"f":{"0":2,"1":0},"b":{"0":[1,1]},"_coverageSchema":"1a1c01bbd47fc00a2c39e90264f33305004495a9","hash":"3500062f6ade827c35c0cf6567364d9f7b8fbff6"}
,"/Users/richard/codeclan_work/Farkle App/Farkle/client/screens/Game/Scoring/ScoringLogicChecks.js": {"path":"/Users/richard/codeclan_work/Farkle App/Farkle/client/screens/Game/Scoring/ScoringLogicChecks.js","statementMap":{"0":{"start":{"line":1,"column":17},"end":{"line":9,"column":1}},"1":{"start":{"line":2,"column":17},"end":{"line":2,"column":19}},"2":{"start":{"line":3,"column":2},"end":{"line":7,"column":5}},"3":{"start":{"line":4,"column":4},"end":{"line":6,"column":5}},"4":{"start":{"line":5,"column":6},"end":{"line":5,"column":24}},"5":{"start":{"line":8,"column":2},"end":{"line":8,"column":18}},"6":{"start":{"line":11,"column":18},"end":{"line":19,"column":1}},"7":{"start":{"line":12,"column":18},"end":{"line":12,"column":20}},"8":{"start":{"line":13,"column":2},"end":{"line":17,"column":5}},"9":{"start":{"line":14,"column":4},"end":{"line":16,"column":5}},"10":{"start":{"line":15,"column":6},"end":{"line":15,"column":25}},"11":{"start":{"line":18,"column":2},"end":{"line":18,"column":19}},"12":{"start":{"line":21,"column":23},"end":{"line":34,"column":1}},"13":{"start":{"line":22,"column":16},"end":{"line":22,"column":18}},"14":{"start":{"line":23,"column":2},"end":{"line":29,"column":3}},"15":{"start":{"line":24,"column":4},"end":{"line":28,"column":5}},"16":{"start":{"line":25,"column":6},"end":{"line":25,"column":34}},"17":{"start":{"line":27,"column":6},"end":{"line":27,"column":33}},"18":{"start":{"line":30,"column":16},"end":{"line":32,"column":4}},"19":{"start":{"line":31,"column":4},"end":{"line":31,"column":39}},"20":{"start":{"line":33,"column":2},"end":{"line":33,"column":17}},"21":{"start":{"line":36,"column":22},"end":{"line":41,"column":1}},"22":{"start":{"line":37,"column":13},"end":{"line":37,"column":40}},"23":{"start":{"line":38,"column":15},"end":{"line":38,"column":42}},"24":{"start":{"line":39,"column":17},"end":{"line":39,"column":36}},"25":{"start":{"line":40,"column":2},"end":{"line":40,"column":16}},"26":{"start":{"line":43,"column":0},"end":{"line":43,"column":72}}},"fnMap":{"0":{"name":"(anonymous_0)","decl":{"start":{"line":1,"column":17},"end":{"line":1,"column":18}},"loc":{"start":{"line":1,"column":31},"end":{"line":9,"column":1}},"line":1},"1":{"name":"(anonymous_1)","decl":{"start":{"line":3,"column":19},"end":{"line":3,"column":20}},"loc":{"start":{"line":3,"column":27},"end":{"line":7,"column":3}},"line":3},"2":{"name":"(anonymous_2)","decl":{"start":{"line":11,"column":18},"end":{"line":11,"column":19}},"loc":{"start":{"line":11,"column":32},"end":{"line":19,"column":1}},"line":11},"3":{"name":"(anonymous_3)","decl":{"start":{"line":13,"column":19},"end":{"line":13,"column":20}},"loc":{"start":{"line":13,"column":27},"end":{"line":17,"column":3}},"line":13},"4":{"name":"(anonymous_4)","decl":{"start":{"line":21,"column":23},"end":{"line":21,"column":24}},"loc":{"start":{"line":21,"column":47},"end":{"line":34,"column":1}},"line":21},"5":{"name":"(anonymous_5)","decl":{"start":{"line":30,"column":44},"end":{"line":30,"column":45}},"loc":{"start":{"line":30,"column":55},"end":{"line":32,"column":3}},"line":30},"6":{"name":"(anonymous_6)","decl":{"start":{"line":36,"column":22},"end":{"line":36,"column":23}},"loc":{"start":{"line":36,"column":36},"end":{"line":41,"column":1}},"line":36}},"branchMap":{"0":{"loc":{"start":{"line":4,"column":4},"end":{"line":6,"column":5}},"type":"if","locations":[{"start":{"line":4,"column":4},"end":{"line":6,"column":5}},{"start":{},"end":{}}],"line":4},"1":{"loc":{"start":{"line":14,"column":4},"end":{"line":16,"column":5}},"type":"if","locations":[{"start":{"line":14,"column":4},"end":{"line":16,"column":5}},{"start":{},"end":{}}],"line":14},"2":{"loc":{"start":{"line":24,"column":4},"end":{"line":28,"column":5}},"type":"if","locations":[{"start":{"line":24,"column":4},"end":{"line":28,"column":5}},{"start":{"line":26,"column":11},"end":{"line":28,"column":5}}],"line":24}},"s":{"0":2,"1":1,"2":1,"3":6,"4":1,"5":1,"6":2,"7":1,"8":1,"9":6,"10":1,"11":1,"12":2,"13":12,"14":12,"15":72,"16":34,"17":38,"18":12,"19":38,"20":12,"21":2,"22":1,"23":1,"24":1,"25":1,"26":2},"f":{"0":1,"1":6,"2":1,"3":6,"4":12,"5":38,"6":1},"b":{"0":[1,5],"1":[1,5],"2":[34,38]},"_coverageSchema":"1a1c01bbd47fc00a2c39e90264f33305004495a9","hash":"2ae845c5f45631ddad30e1c8f404cda7c0af017b"}
}
