{"/Users/richard/codeclan_work/Farkle App/Farkle/client/screens/Game/Scoring/ScoringLogicAdvanced.js": {"path":"/Users/richard/codeclan_work/Farkle App/Farkle/client/screens/Game/Scoring/ScoringLogicAdvanced.js","statementMap":{"0":{"start":{"line":1,"column":17},"end":{"line":8,"column":5}},"1":{"start":{"line":2,"column":19},"end":{"line":2,"column":21}},"2":{"start":{"line":3,"column":4},"end":{"line":6,"column":11}},"3":{"start":{"line":4,"column":8},"end":{"line":6,"column":9}},"4":{"start":{"line":5,"column":8},"end":{"line":5,"column":26}},"5":{"start":{"line":7,"column":4},"end":{"line":7,"column":20}},"6":{"start":{"line":10,"column":18},"end":{"line":17,"column":5}},"7":{"start":{"line":11,"column":20},"end":{"line":11,"column":22}},"8":{"start":{"line":12,"column":4},"end":{"line":15,"column":11}},"9":{"start":{"line":13,"column":8},"end":{"line":15,"column":9}},"10":{"start":{"line":14,"column":8},"end":{"line":14,"column":27}},"11":{"start":{"line":16,"column":4},"end":{"line":16,"column":21}},"12":{"start":{"line":19,"column":25},"end":{"line":26,"column":3}},"13":{"start":{"line":28,"column":23},"end":{"line":39,"column":1}},"14":{"start":{"line":29,"column":18},"end":{"line":29,"column":20}},"15":{"start":{"line":30,"column":4},"end":{"line":36,"column":5}},"16":{"start":{"line":31,"column":8},"end":{"line":35,"column":9}},"17":{"start":{"line":32,"column":12},"end":{"line":32,"column":39}},"18":{"start":{"line":34,"column":12},"end":{"line":34,"column":38}},"19":{"start":{"line":37,"column":18},"end":{"line":37,"column":94}},"20":{"start":{"line":37,"column":58},"end":{"line":37,"column":92}},"21":{"start":{"line":38,"column":4},"end":{"line":38,"column":19}},"22":{"start":{"line":41,"column":22},"end":{"line":46,"column":1}},"23":{"start":{"line":42,"column":15},"end":{"line":42,"column":42}},"24":{"start":{"line":43,"column":17},"end":{"line":43,"column":44}},"25":{"start":{"line":44,"column":19},"end":{"line":44,"column":38}},"26":{"start":{"line":45,"column":4},"end":{"line":45,"column":18}},"27":{"start":{"line":51,"column":0},"end":{"line":51,"column":71}}},"fnMap":{"0":{"name":"(anonymous_0)","decl":{"start":{"line":1,"column":17},"end":{"line":1,"column":18}},"loc":{"start":{"line":1,"column":31},"end":{"line":8,"column":5}},"line":1},"1":{"name":"(anonymous_1)","decl":{"start":{"line":3,"column":21},"end":{"line":3,"column":22}},"loc":{"start":{"line":3,"column":29},"end":{"line":6,"column":10}},"line":3},"2":{"name":"(anonymous_2)","decl":{"start":{"line":10,"column":18},"end":{"line":10,"column":19}},"loc":{"start":{"line":10,"column":32},"end":{"line":17,"column":5}},"line":10},"3":{"name":"(anonymous_3)","decl":{"start":{"line":12,"column":21},"end":{"line":12,"column":22}},"loc":{"start":{"line":12,"column":29},"end":{"line":15,"column":10}},"line":12},"4":{"name":"(anonymous_4)","decl":{"start":{"line":28,"column":23},"end":{"line":28,"column":24}},"loc":{"start":{"line":28,"column":47},"end":{"line":39,"column":1}},"line":28},"5":{"name":"(anonymous_5)","decl":{"start":{"line":37,"column":46},"end":{"line":37,"column":47}},"loc":{"start":{"line":37,"column":57},"end":{"line":37,"column":93}},"line":37},"6":{"name":"(anonymous_6)","decl":{"start":{"line":41,"column":22},"end":{"line":41,"column":23}},"loc":{"start":{"line":41,"column":36},"end":{"line":46,"column":1}},"line":41}},"branchMap":{"0":{"loc":{"start":{"line":4,"column":8},"end":{"line":6,"column":9}},"type":"if","locations":[{"start":{"line":4,"column":8},"end":{"line":6,"column":9}},{"start":{},"end":{}}],"line":4},"1":{"loc":{"start":{"line":13,"column":8},"end":{"line":15,"column":9}},"type":"if","locations":[{"start":{"line":13,"column":8},"end":{"line":15,"column":9}},{"start":{},"end":{}}],"line":13},"2":{"loc":{"start":{"line":31,"column":8},"end":{"line":35,"column":9}},"type":"if","locations":[{"start":{"line":31,"column":8},"end":{"line":35,"column":9}},{"start":{"line":33,"column":15},"end":{"line":35,"column":9}}],"line":31}},"s":{"0":1,"1":1,"2":1,"3":6,"4":1,"5":1,"6":1,"7":1,"8":1,"9":6,"10":1,"11":1,"12":1,"13":1,"14":10,"15":10,"16":60,"17":29,"18":31,"19":10,"20":31,"21":10,"22":1,"23":1,"24":1,"25":1,"26":1,"27":1},"f":{"0":1,"1":6,"2":1,"3":6,"4":10,"5":31,"6":1},"b":{"0":[1,5],"1":[1,5],"2":[29,31]},"_coverageSchema":"1a1c01bbd47fc00a2c39e90264f33305004495a9","hash":"05e509d73ff41cd26e516bd5fbc0dc3f3588cef3"}
}
