TN:
SF:screens/Game/Scoring/ScoringLogic.js
FN:8,(anonymous_0)
FN:35,(anonymous_1)
FN:41,(anonymous_2)
FN:45,(anonymous_3)
FN:49,(anonymous_4)
FN:52,(anonymous_5)
FN:57,(anonymous_6)
FN:59,(anonymous_7)
FN:63,(anonymous_8)
FN:65,(anonymous_9)
FN:69,(anonymous_10)
FN:75,(anonymous_11)
FN:79,(anonymous_12)
FNF:13
FNH:7
FNDA:19,(anonymous_0)
FNDA:0,(anonymous_1)
FNDA:6,(anonymous_2)
FNDA:0,(anonymous_3)
FNDA:0,(anonymous_4)
FNDA:0,(anonymous_5)
FNDA:0,(anonymous_6)
FNDA:0,(anonymous_7)
FNDA:8,(anonymous_8)
FNDA:27,(anonymous_9)
FNDA:27,(anonymous_10)
FNDA:19,(anonymous_11)
FNDA:18,(anonymous_12)
DA:8,1
DA:9,19
DA:10,19
DA:11,19
DA:12,1
DA:13,18
DA:14,1
DA:15,17
DA:16,1
DA:17,16
DA:22,3
DA:23,13
DA:24,1
DA:25,12
DA:26,6
DA:30,6
DA:32,19
DA:35,1
DA:36,0
DA:41,1
DA:42,6
DA:45,1
DA:46,0
DA:49,1
DA:50,0
DA:52,0
DA:57,1
DA:58,0
DA:59,0
DA:63,1
DA:64,8
DA:65,27
DA:67,8
DA:69,27
DA:70,8
DA:71,8
DA:72,19
DA:74,8
DA:75,19
DA:79,18
DA:83,8
DA:84,8
DA:87,1
LF:43
LH:37
BRDA:11,0,0,1
BRDA:11,0,1,18
BRDA:13,1,0,1
BRDA:13,1,1,17
BRDA:15,2,0,1
BRDA:15,2,1,16
BRDA:17,3,0,3
BRDA:17,3,1,13
BRDA:18,4,0,16
BRDA:18,4,1,15
BRDA:18,4,2,14
BRDA:23,5,0,1
BRDA:23,5,1,12
BRDA:25,6,0,6
BRDA:25,6,1,6
BRDA:36,7,0,0
BRDA:36,7,1,0
BRDA:36,7,2,0
BRDA:36,7,3,0
BRDA:75,8,0,8
BRDA:75,8,1,8
BRDA:79,9,0,8
BRDA:79,9,1,5
BRF:23
BRH:19
end_of_record
TN:
SF:screens/Game/Scoring/ScoringLogicChecks.js
FN:1,(anonymous_0)
FN:3,(anonymous_1)
FN:11,(anonymous_2)
FN:13,(anonymous_3)
FN:21,(anonymous_4)
FN:30,(anonymous_5)
FN:36,(anonymous_6)
FN:50,(anonymous_7)
FN:52,(anonymous_8)
FN:55,(anonymous_9)
FN:62,(anonymous_10)
FN:63,(anonymous_11)
FNF:12
FNH:7
FNDA:7,(anonymous_0)
FNDA:42,(anonymous_1)
FNDA:7,(anonymous_2)
FNDA:42,(anonymous_3)
FNDA:199,(anonymous_4)
FNDA:739,(anonymous_5)
FNDA:17,(anonymous_6)
FNDA:0,(anonymous_7)
FNDA:0,(anonymous_8)
FNDA:0,(anonymous_9)
FNDA:0,(anonymous_10)
FNDA:0,(anonymous_11)
DA:1,2
DA:2,7
DA:3,7
DA:4,42
DA:5,7
DA:8,7
DA:11,2
DA:12,7
DA:13,7
DA:14,42
DA:15,7
DA:18,7
DA:21,2
DA:22,199
DA:23,199
DA:24,1194
DA:25,455
DA:27,739
DA:30,199
DA:31,739
DA:33,199
DA:36,2
DA:37,17
DA:38,17
DA:39,17
DA:40,17
DA:41,2
DA:43,17
DA:46,2
DA:50,2
DA:51,0
DA:52,0
DA:54,0
DA:55,0
DA:57,0
DA:58,0
DA:59,0
DA:61,0
DA:62,0
DA:63,0
DA:64,0
DA:65,0
LF:42
LH:30
BRDA:4,0,0,7
BRDA:4,0,1,35
BRDA:14,1,0,7
BRDA:14,1,1,35
BRDA:24,2,0,455
BRDA:24,2,1,739
BRDA:40,3,0,2
BRDA:40,3,1,15
BRDA:40,4,0,17
BRDA:40,4,1,3
BRDA:62,5,0,0
BRDA:62,5,1,0
BRDA:63,6,0,0
BRDA:63,6,1,0
BRF:14
BRH:10
end_of_record
