TN:
SF:screens/Game/GamingLogic/GameLogic.js
FN:3,(anonymous_0)
FN:8,(anonymous_1)
FN:17,(anonymous_2)
FN:19,(anonymous_3)
FN:28,(anonymous_4)
FN:29,(anonymous_5)
FN:32,(anonymous_6)
FNF:7
FNH:7
FNDA:22,(anonymous_0)
FNDA:4,(anonymous_1)
FNDA:6,(anonymous_2)
FNDA:21,(anonymous_3)
FNDA:1,(anonymous_4)
FNDA:6,(anonymous_5)
FNDA:6,(anonymous_6)
DA:3,1
DA:4,22
DA:5,22
DA:8,1
DA:9,4
DA:14,4
DA:17,1
DA:18,6
DA:19,6
DA:20,21
DA:21,21
DA:22,21
DA:23,21
DA:25,6
DA:28,1
DA:29,1
DA:30,6
DA:32,1
DA:33,6
DA:35,1
LF:20
LH:20
BRF:0
BRH:0
end_of_record
TN:
SF:screens/Game/Scoring/ScoringLogic.js
FN:8,(anonymous_0)
FN:35,(anonymous_1)
FN:39,(anonymous_2)
FN:43,(anonymous_3)
FN:45,(anonymous_4)
FN:49,(anonymous_5)
FN:55,(anonymous_6)
FN:59,(anonymous_7)
FNF:8
FNH:8
FNDA:26,(anonymous_0)
FNDA:11,(anonymous_1)
FNDA:1,(anonymous_2)
FNDA:9,(anonymous_3)
FNDA:28,(anonymous_4)
FNDA:28,(anonymous_5)
FNDA:19,(anonymous_6)
FNDA:18,(anonymous_7)
DA:8,2
DA:9,26
DA:10,26
DA:11,26
DA:12,1
DA:13,25
DA:14,1
DA:15,24
DA:16,1
DA:17,23
DA:22,4
DA:23,19
DA:24,2
DA:25,17
DA:26,6
DA:30,11
DA:32,26
DA:35,2
DA:36,11
DA:39,2
DA:40,1
DA:43,2
DA:44,9
DA:45,28
DA:47,9
DA:49,28
DA:50,9
DA:51,9
DA:52,19
DA:54,9
DA:55,19
DA:59,18
DA:63,9
DA:64,9
DA:67,2
LF:35
LH:35
BRDA:11,0,0,1
BRDA:11,0,1,25
BRDA:13,1,0,1
BRDA:13,1,1,24
BRDA:15,2,0,1
BRDA:15,2,1,23
BRDA:17,3,0,4
BRDA:17,3,1,19
BRDA:18,4,0,23
BRDA:18,4,1,22
BRDA:18,4,2,21
BRDA:23,5,0,2
BRDA:23,5,1,17
BRDA:25,6,0,6
BRDA:25,6,1,11
BRDA:55,7,0,9
BRDA:55,7,1,9
BRDA:59,8,0,9
BRDA:59,8,1,6
BRF:19
BRH:19
end_of_record
TN:
SF:screens/Game/Scoring/ScoringLogicChecks.js
FN:1,(anonymous_0)
FN:3,(anonymous_1)
FN:11,(anonymous_2)
FN:13,(anonymous_3)
FN:21,(anonymous_4)
FN:30,(anonymous_5)
FN:36,(anonymous_6)
FNF:7
FNH:7
FNDA:12,(anonymous_0)
FNDA:65,(anonymous_1)
FNDA:12,(anonymous_2)
FNDA:65,(anonymous_3)
FNDA:262,(anonymous_4)
FNDA:945,(anonymous_5)
FNDA:24,(anonymous_6)
DA:1,3
DA:2,12
DA:3,12
DA:4,65
DA:5,9
DA:8,12
DA:11,3
DA:12,12
DA:13,12
DA:14,65
DA:15,8
DA:18,12
DA:21,3
DA:22,262
DA:23,262
DA:24,1487
DA:25,542
DA:27,945
DA:30,262
DA:31,945
DA:33,262
DA:36,3
DA:37,24
DA:38,24
DA:39,24
DA:40,24
DA:41,2
DA:43,24
DA:46,3
LF:29
LH:29
BRDA:4,0,0,9
BRDA:4,0,1,56
BRDA:14,1,0,8
BRDA:14,1,1,57
BRDA:24,2,0,542
BRDA:24,2,1,945
BRDA:40,3,0,2
BRDA:40,3,1,22
BRDA:40,4,0,24
BRDA:40,4,1,4
BRF:10
BRH:10
end_of_record
